<?xml version="1.0" encoding="UTF-8" standalone="no"?>
<testsuite failures="0" name="cucumber.runtime.formatter.JUnitFormatter" skipped="0" tests="1" time="7.521103">
<testcase classname="TechFios login functionality" name="" time="7.521103">
<system-out><![CDATA[Given user is on login page.................................................passed
When user enter the username and password...................................passed
Then user click on submit button............................................passed
Then user should be on homepage.............................................passed
]]></system-out>
</testcase>
</testsuite>
